Warning: You're using Rubygems 1.8.23 with Spring. Upgrade to at least Rubygems 2.1.0 and run `gem pristine --all` for better startup performance.
/var/lib/gems/1.9.1/gems/bundler-1.10.6/lib/bundler/spec_set.rb:92:in `block in materialize': Could not find rack-cors-0.4.0 in any of the sources (Bundler::GemNotFound)
	from /var/lib/gems/1.9.1/gems/bundler-1.10.6/lib/bundler/spec_set.rb:85:in `map!'
	from /var/lib/gems/1.9.1/gems/bundler-1.10.6/lib/bundler/spec_set.rb:85:in `materialize'
	from /var/lib/gems/1.9.1/gems/bundler-1.10.6/lib/bundler/definition.rb:140:in `specs'
	from /var/lib/gems/1.9.1/gems/bundler-1.10.6/lib/bundler/definition.rb:185:in `specs_for'
	from /var/lib/gems/1.9.1/gems/bundler-1.10.6/lib/bundler/definition.rb:174:in `requested_specs'
	from /var/lib/gems/1.9.1/gems/bundler-1.10.6/lib/bundler/environment.rb:18:in `requested_specs'
	from /var/lib/gems/1.9.1/gems/bundler-1.10.6/lib/bundler/runtime.rb:13:in `setup'
	from /var/lib/gems/1.9.1/gems/bundler-1.10.6/lib/bundler.rb:127:in `setup'
	from /var/lib/gems/1.9.1/gems/bundler-1.10.6/lib/bundler/setup.rb:18:in `<top (required)>'
	from /usr/lib/ruby/1.9.1/rubygems/custom_require.rb:36:in `require'
	from /usr/lib/ruby/1.9.1/rubygems/custom_require.rb:36:in `require'
	from /var/www/project3/config/boot.rb:3:in `<top (required)>'
	from /var/www/project3/bin/rails:7:in `require_relative'
	from /var/www/project3/bin/rails:7:in `<top (required)>'
	from /var/lib/gems/1.9.1/gems/spring-1.3.6/lib/spring/client/rails.rb:28:in `load'
	from /var/lib/gems/1.9.1/gems/spring-1.3.6/lib/spring/client/rails.rb:28:in `call'
	from /var/lib/gems/1.9.1/gems/spring-1.3.6/lib/spring/client/command.rb:7:in `call'
	from /var/lib/gems/1.9.1/gems/spring-1.3.6/lib/spring/client.rb:26:in `run'
	from /var/lib/gems/1.9.1/gems/spring-1.3.6/bin/spring:48:in `<top (required)>'
	from /var/lib/gems/1.9.1/gems/spring-1.3.6/lib/spring/binstub.rb:11:in `load'
	from /var/lib/gems/1.9.1/gems/spring-1.3.6/lib/spring/binstub.rb:11:in `<top (required)>'
	from /usr/lib/ruby/1.9.1/rubygems/custom_require.rb:36:in `require'
	from /usr/lib/ruby/1.9.1/rubygems/custom_require.rb:36:in `require'
	from /var/www/project3/bin/spring:13:in `<top (required)>'
	from bin/rails:3:in `load'
	from bin/rails:3:in `<main>'
